TN:
SF:src/errors/AppError.ts
FN:6,AppError
FNF:1
FNH:1
FNDA:8,AppError
DA:1,2
DA:2,2
DA:3,2
DA:4,2
DA:5,2
DA:6,2
DA:7,8
DA:8,8
DA:9,8
DA:10,2
LF:10
LH:10
BRDA:1,0,0,2
BRDA:6,1,0,8
BRF:2
BRH:2
end_of_record
TN:
SF:src/providers/HashProvider/Fakes/FakeHashProvider.ts
FN:3,FakeHashProvider
FN:4,Object.<anonymous>.FakeHashProvider.hashed
FN:8,Object.<anonymous>.FakeHashProvider.compareHash
FNF:3
FNH:3
FNDA:12,FakeHashProvider
FNDA:8,Object.<anonymous>.FakeHashProvider.hashed
FNDA:2,Object.<anonymous>.FakeHashProvider.compareHash
DA:1,1
DA:2,1
DA:3,12
DA:4,12
DA:5,8
DA:6,8
DA:7,12
DA:8,12
DA:9,2
DA:10,2
DA:11,12
LF:11
LH:11
BRDA:3,0,0,2
BRDA:3,1,0,12
BRDA:4,2,0,8
BRDA:8,3,0,2
BRF:4
BRH:4
end_of_record
TN:
SF:src/providers/TokenProvider/Fakes/FakeTokenProvider.ts
FN:3,FakeTokenProvider
FN:4,Object.<anonymous>.FakeTokenProvider.generateToken
FN:8,Object.<anonymous>.FakeTokenProvider.validateToken
FNF:3
FNH:2
FNDA:6,FakeTokenProvider
FNDA:2,Object.<anonymous>.FakeTokenProvider.generateToken
FNDA:0,Object.<anonymous>.FakeTokenProvider.validateToken
DA:1,1
DA:2,1
DA:3,6
DA:4,6
DA:5,2
DA:6,2
DA:7,6
DA:8,6
DA:9,0
DA:10,0
DA:11,6
LF:11
LH:9
BRDA:3,0,0,1
BRDA:3,1,0,6
BRDA:4,2,0,2
BRDA:5,3,0,2
BRF:4
BRH:4
end_of_record
TN:
SF:src/services/implementations/CreateSessionService.ts
FN:23,CreateSessionService
FN:33,Object.<anonymous>.CreateSessionService.execute
FNF:2
FNH:2
FNDA:6,CreateSessionService
FNDA:6,Object.<anonymous>.CreateSessionService.execute
DA:1,1
DA:2,1
DA:3,1
DA:4,1
DA:5,1
DA:6,1
DA:7,1
DA:8,1
DA:9,1
DA:10,1
DA:11,1
DA:12,1
DA:13,1
DA:14,1
DA:15,1
DA:16,1
DA:17,1
DA:18,1
DA:19,1
DA:20,1
DA:21,1
DA:22,1
DA:23,1
DA:24,6
DA:25,6
DA:26,6
DA:27,6
DA:28,6
DA:29,6
DA:30,6
DA:31,6
DA:32,1
DA:33,1
DA:34,6
DA:35,1
DA:36,1
DA:37,5
DA:38,6
DA:39,1
DA:40,1
DA:41,4
DA:42,4
DA:43,6
DA:44,6
DA:45,1
DA:46,1
DA:47,3
DA:48,3
DA:49,6
DA:50,6
DA:51,1
DA:52,1
DA:53,2
DA:54,2
DA:55,6
DA:56,6
DA:57,6
DA:58,6
DA:59,6
DA:60,6
DA:61,1
LF:61
LH:61
BRDA:18,0,0,1
BRDA:23,1,0,6
BRDA:33,2,0,6
BRDA:34,3,0,1
BRDA:37,4,0,5
BRDA:38,5,0,1
BRDA:41,6,0,4
BRDA:44,7,0,1
BRDA:47,8,0,3
BRDA:50,9,0,1
BRDA:53,10,0,2
BRF:11
BRH:11
end_of_record
TN:
SF:src/services/implementations/CreateUserService.ts
FN:10,CreateUserService
FN:18,Object.<anonymous>.CreateUserService.execute
FNF:2
FNH:2
FNDA:12,CreateUserService
FNDA:13,Object.<anonymous>.CreateUserService.execute
DA:1,1
DA:2,1
DA:3,1
DA:4,1
DA:5,1
DA:6,2
DA:7,2
DA:8,2
DA:9,2
DA:10,2
DA:11,12
DA:12,12
DA:13,12
DA:14,12
DA:15,12
DA:16,12
DA:17,2
DA:18,2
DA:19,13
DA:20,13
DA:21,13
DA:22,13
DA:23,13
DA:24,36
DA:25,3
DA:26,3
DA:27,13
DA:28,13
DA:29,13
DA:30,13
DA:31,13
DA:32,1
DA:33,1
DA:34,9
DA:35,9
DA:36,13
DA:37,13
DA:38,13
DA:39,13
DA:40,13
DA:41,13
DA:42,13
DA:43,13
DA:44,13
DA:45,13
DA:46,13
DA:47,2
LF:47
LH:47
BRDA:6,0,0,2
BRDA:10,1,0,12
BRDA:18,2,0,13
BRDA:31,3,0,1
BRDA:34,4,0,9
BRDA:23,5,0,36
BRDA:24,6,0,3
BRF:7
BRH:7
end_of_record
TN:
SF:src/typeorm/repositories/fakes/FakeUserRepository.ts
FN:7,FakeUserRepository
FN:11,Object.<anonymous>.FakeUserRepository.createUser
FN:27,Object.<anonymous>.FakeUserRepository.findByEmail
FN:33,Object.<anonymous>.FakeUserRepository.findById
FNF:4
FNH:3
FNDA:12,FakeUserRepository
FNDA:9,Object.<anonymous>.FakeUserRepository.createUser
FNDA:15,Object.<anonymous>.FakeUserRepository.findByEmail
FNDA:0,Object.<anonymous>.FakeUserRepository.findById
DA:1,1
DA:2,1
DA:3,1
DA:4,2
DA:5,2
DA:6,2
DA:7,2
DA:8,12
DA:9,12
DA:10,2
DA:11,2
DA:12,9
DA:13,9
DA:14,9
DA:15,9
DA:16,9
DA:17,9
DA:18,9
DA:19,9
DA:20,9
DA:21,9
DA:22,9
DA:23,9
DA:24,9
DA:25,9
DA:26,2
DA:27,2
DA:28,15
DA:29,15
DA:30,15
DA:31,15
DA:32,2
DA:33,2
DA:34,0
DA:35,0
DA:36,0
DA:37,0
DA:38,2
LF:38
LH:34
BRDA:4,0,0,2
BRDA:7,1,0,12
BRDA:11,2,0,9
BRDA:24,3,0,9
BRDA:27,4,0,15
BRDA:28,5,0,6
BRF:6
BRH:6
end_of_record
